  simulator.cpp
C:\Users\speed\OneDrive\바탕 화면\학교\20-2\인터렉티브시각화\기말\새 폴더\OpenGL_skeleton\OpenGL_skeleton\simulator.cpp(315,20): warning C4018: '<': signed 또는 unsigned가 일치하지 않습니다.
C:\Users\speed\OneDrive\바탕 화면\학교\20-2\인터렉티브시각화\기말\새 폴더\OpenGL_skeleton\OpenGL_skeleton\simulator.cpp(320,20): warning C4018: '<': signed 또는 unsigned가 일치하지 않습니다.
C:\Users\speed\OneDrive\바탕 화면\학교\20-2\인터렉티브시각화\기말\새 폴더\OpenGL_skeleton\OpenGL_skeleton\simulator.cpp(337,20): warning C4018: '<': signed 또는 unsigned가 일치하지 않습니다.
C:\Users\speed\OneDrive\바탕 화면\학교\20-2\인터렉티브시각화\기말\새 폴더\OpenGL_skeleton\OpenGL_skeleton\simulator.cpp(365,20): warning C4018: '<': signed 또는 unsigned가 일치하지 않습니다.
C:\Users\speed\OneDrive\바탕 화면\학교\20-2\인터렉티브시각화\기말\새 폴더\OpenGL_skeleton\OpenGL_skeleton\simulator.cpp(375,20): warning C4018: '<': signed 또는 unsigned가 일치하지 않습니다.
C:\Users\speed\OneDrive\바탕 화면\학교\20-2\인터렉티브시각화\기말\새 폴더\OpenGL_skeleton\OpenGL_skeleton\simulator.cpp(381,20): warning C4018: '<': signed 또는 unsigned가 일치하지 않습니다.
C:\Users\speed\OneDrive\바탕 화면\학교\20-2\인터렉티브시각화\기말\새 폴더\OpenGL_skeleton\OpenGL_skeleton\simulator.cpp(471,20): warning C4018: '<': signed 또는 unsigned가 일치하지 않습니다.
C:\Users\speed\OneDrive\바탕 화면\학교\20-2\인터렉티브시각화\기말\새 폴더\OpenGL_skeleton\OpenGL_skeleton\simulator.cpp(493,21): warning C4018: '<': signed 또는 unsigned가 일치하지 않습니다.
C:\Users\speed\OneDrive\바탕 화면\학교\20-2\인터렉티브시각화\기말\새 폴더\OpenGL_skeleton\OpenGL_skeleton\simulator.cpp(499,21): warning C4018: '<': signed 또는 unsigned가 일치하지 않습니다.
C:\Users\speed\OneDrive\바탕 화면\학교\20-2\인터렉티브시각화\기말\새 폴더\OpenGL_skeleton\OpenGL_skeleton\simulator.cpp(621,20): warning C4018: '<': signed 또는 unsigned가 일치하지 않습니다.
C:\Users\speed\OneDrive\바탕 화면\학교\20-2\인터렉티브시각화\기말\새 폴더\OpenGL_skeleton\OpenGL_skeleton\simulator.cpp(643,20): warning C4018: '<': signed 또는 unsigned가 일치하지 않습니다.
C:\Users\speed\OneDrive\바탕 화면\학교\20-2\인터렉티브시각화\기말\새 폴더\OpenGL_skeleton\OpenGL_skeleton\simulator.cpp(653,20): warning C4018: '<': signed 또는 unsigned가 일치하지 않습니다.
C:\Users\speed\OneDrive\바탕 화면\학교\20-2\인터렉티브시각화\기말\새 폴더\OpenGL_skeleton\OpenGL_skeleton\simulator.cpp(656,21): warning C4018: '<': signed 또는 unsigned가 일치하지 않습니다.
C:\Users\speed\OneDrive\바탕 화면\학교\20-2\인터렉티브시각화\기말\새 폴더\OpenGL_skeleton\OpenGL_skeleton\simulator.cpp(687,20): warning C4018: '<': signed 또는 unsigned가 일치하지 않습니다.
C:\Users\speed\OneDrive\바탕 화면\학교\20-2\인터렉티브시각화\기말\새 폴더\OpenGL_skeleton\OpenGL_skeleton\simulator.cpp(690,21): warning C4018: '<': signed 또는 unsigned가 일치하지 않습니다.
C:\Users\speed\OneDrive\바탕 화면\학교\20-2\인터렉티브시각화\기말\새 폴더\OpenGL_skeleton\OpenGL_skeleton\simulator.cpp(720,20): warning C4018: '<': signed 또는 unsigned가 일치하지 않습니다.
C:\Users\speed\OneDrive\바탕 화면\학교\20-2\인터렉티브시각화\기말\새 폴더\OpenGL_skeleton\OpenGL_skeleton\simulator.cpp(748,20): warning C4018: '<': signed 또는 unsigned가 일치하지 않습니다.
  코드를 생성하고 있습니다.
  2 of 419 functions ( 0.5%) were compiled, the rest were copied from previous compilation.
    0 functions were new in current compilation
    10 functions had inline decision re-evaluated but remain unchanged
  코드를 생성했습니다.
  OpenGL_skeleton.vcxproj -> C:\Users\speed\OneDrive\바탕 화면\학교\20-2\인터렉티브시각화\기말\새 폴더\OpenGL_skeleton\Release\OpenGL_skeleton.exe
